2017-08-07 11:35:14,535 ERROR 10748 [-/::1/-/8ms GET /] nodejs.TypeError: Cannot set property 'body' of undefined
    at HomeController.index (D:\learn-eggjs\egg2\app\controller\home.js:8:21)
    at index.next (<anonymous>)
    at onFulfilled (D:\learn-eggjs\egg2\node_modules\co\index.js:65:19)
    at D:\learn-eggjs\egg2\node_modules\co\index.js:54:5
    at Promise (<anonymous>)
    at Object.co (D:\learn-eggjs\egg2\node_modules\co\index.js:50:10)
    at Object.toPromise (D:\learn-eggjs\egg2\node_modules\co\index.js:118:63)
    at next (D:\learn-eggjs\egg2\node_modules\co\index.js:99:29)
    at onFulfilled (D:\learn-eggjs\egg2\node_modules\co\index.js:69:7)
    at D:\learn-eggjs\egg2\node_modules\co\index.js:54:5

pid: 10748
hostname: kerita

2017-08-07 15:15:22,732 ERROR 2904 [-/::1/-/5028ms GET /news] nodejs.ConnectionTimeoutError: Connect timeout for 5000ms, GET https://hacker-news.firebaseio.com/v0/topstories.json -2 (connected: false, keepalive socket: false, agent status: {"createSocketCount":1,"createSocketErrorCount":0,"closeSocketCount":1,"errorSocketCount":0,"timeoutSocketCount":0,"requestCount":0,"freeSockets":{},"sockets":{},"requests":{}})
headers: {}
headers: {}
    at Timeout._onTimeout (D:\learn-eggjs\egg2\node_modules\urllib\lib\urllib.js:729:15)
    at ontimeout (timers.js:488:11)
    at tryOnTimeout (timers.js:323:5)
    at Timer.listOnTimeout (timers.js:283:5)
name: 'ConnectionTimeoutError'
requestId: 1
data: undefined
path: '/v0/topstories.json?orderBy=%22%24key%22&startAt=%220%22&endAt=%224%22'
status: -2
headers: {}
res: { status: -2, statusCode: -2, headers: {}, size: 0, aborted: false, rt: 5020, keepAliveSocket: false, data: undefined, requestUrls: [ 'https://hacker-news.firebaseio.com/v0/topstories.json' ], timing: null, remoteAddress: '35.190.39.113', remotePort: '' }
pid: 2904
hostname: kerita

2017-08-07 15:16:56,545 ERROR 16256 [-/::1/-/7648ms GET /news] nodejs.ConnectionTimeoutError: Connect timeout for 5000ms, GET https://hacker-news.firebaseio.com/v0/item/14944404.json -2 (connected: false, keepalive socket: false, agent status: {"createSocketCount":5,"createSocketErrorCount":0,"closeSocketCount":2,"errorSocketCount":0,"timeoutSocketCount":1,"requestCount":2,"freeSockets":{},"sockets":{"hacker-news.firebaseio.com:443:::::::::":3},"requests":{}})
headers: {}
headers: {}
    at Timeout._onTimeout (D:\learn-eggjs\egg2\node_modules\urllib\lib\urllib.js:729:15)
    at ontimeout (timers.js:488:11)
    at tryOnTimeout (timers.js:323:5)
    at Timer.listOnTimeout (timers.js:283:5)
name: 'ConnectionTimeoutError'
requestId: 5
data: undefined
path: '/v0/item/14944404.json'
status: -2
headers: {}
res: { status: -2, statusCode: -2, headers: {}, size: 0, aborted: false, rt: 5001, keepAliveSocket: false, data: undefined, requestUrls: [ 'https://hacker-news.firebaseio.com/v0/item/14944404.json' ], timing: null, remoteAddress: '35.190.39.113', remotePort: '' }
pid: 16256
hostname: kerita

2017-08-07 15:17:31,391 ERROR 16256 [-/::1/-/6985ms GET /news] nodejs.ConnectionTimeoutError: Connect timeout for 5000ms, GET https://hacker-news.firebaseio.com/v0/item/14943605.json -2 (connected: false, keepalive socket: false, agent status: {"createSocketCount":10,"createSocketErrorCount":0,"closeSocketCount":7,"errorSocketCount":0,"timeoutSocketCount":2,"requestCount":4,"freeSockets":{},"sockets":{"hacker-news.firebaseio.com:443:::::::::":3},"requests":{}})
headers: {}
headers: {}
    at Timeout._onTimeout (D:\learn-eggjs\egg2\node_modules\urllib\lib\urllib.js:729:15)
    at ontimeout (timers.js:488:11)
    at tryOnTimeout (timers.js:323:5)
    at Timer.listOnTimeout (timers.js:283:5)
name: 'ConnectionTimeoutError'
requestId: 9
data: undefined
path: '/v0/item/14943605.json'
status: -2
headers: {}
res: { status: -2, statusCode: -2, headers: {}, size: 0, aborted: false, rt: 5001, keepAliveSocket: false, data: undefined, requestUrls: [ 'https://hacker-news.firebaseio.com/v0/item/14943605.json' ], timing: null, remoteAddress: '35.190.39.113', remotePort: '' }
pid: 16256
hostname: kerita

2017-08-07 17:39:11,798 ERROR 1088 [-/undefined/-/5030ms GET /news] nodejs.ConnectionTimeoutError: Connect timeout for 5000ms, GET https://hacker-news.firebaseio.com/v0/topstories.json -2 (connected: false, keepalive socket: false, agent status: {"createSocketCount":2,"createSocketErrorCount":0,"closeSocketCount":1,"errorSocketCount":0,"timeoutSocketCount":0,"requestCount":0,"freeSockets":{},"sockets":{"hacker-news.firebaseio.com:443:::::::::":1},"requests":{}})
headers: {}
headers: {}
    at Timeout._onTimeout (D:\learn-eggjs\egg2\node_modules\urllib\lib\urllib.js:729:15)
    at ontimeout (timers.js:488:11)
    at tryOnTimeout (timers.js:323:5)
    at Timer.listOnTimeout (timers.js:283:5)
name: 'ConnectionTimeoutError'
requestId: 1
data: undefined
path: '/v0/topstories.json?orderBy=%22%24key%22&startAt=%220%22&endAt=%224%22'
status: -2
headers: {}
res: { status: -2, statusCode: -2, headers: {}, size: 0, aborted: false, rt: 5020, keepAliveSocket: false, data: undefined, requestUrls: [ 'https://hacker-news.firebaseio.com/v0/topstories.json' ], timing: null, remoteAddress: '35.190.39.113', remotePort: '' }
headerSent: true
pid: 1088
hostname: kerita

2017-08-07 17:39:11,956 ERROR 1088 [-/::1/-/5004ms GET /news] nodejs.ConnectionTimeoutError: Connect timeout for 5000ms, GET https://hacker-news.firebaseio.com/v0/topstories.json -2 (connected: false, keepalive socket: false, agent status: {"createSocketCount":2,"createSocketErrorCount":0,"closeSocketCount":2,"errorSocketCount":0,"timeoutSocketCount":0,"requestCount":0,"freeSockets":{},"sockets":{},"requests":{}})
headers: {}
headers: {}
    at Timeout._onTimeout (D:\learn-eggjs\egg2\node_modules\urllib\lib\urllib.js:729:15)
    at ontimeout (timers.js:488:11)
    at tryOnTimeout (timers.js:323:5)
    at Timer.listOnTimeout (timers.js:283:5)
name: 'ConnectionTimeoutError'
requestId: 2
data: undefined
path: '/v0/topstories.json?orderBy=%22%24key%22&startAt=%220%22&endAt=%224%22'
status: -2
headers: {}
res: { status: -2, statusCode: -2, headers: {}, size: 0, aborted: false, rt: 5002, keepAliveSocket: false, data: undefined, requestUrls: [ 'https://hacker-news.firebaseio.com/v0/topstories.json' ], timing: null, remoteAddress: '35.190.39.113', remotePort: '' }
pid: 1088
hostname: kerita

